==============================================================================
20160923 16:23:15.039 - INFO - + START SUITE: Acceptancetest [ ]
==============================================================================
20160923 16:23:15.102 - INFO - +- START SUITE: Acceptancetest.CSV-JSONConversion [ ]
==============================================================================
20160923 16:23:15.102 - INFO - +-- START TEST: CSV to JSON to CSV Yields Original [ ]
------------------------------------------------------------------------------
20160923 16:23:15.102 - INFO - +--- START KW: OperatingSystem.Get File [ src/test/resources/grades.csv ]
20160923 16:23:15.102 - INFO - ${contents} = "ID","Total","Assignment 1","Assignment 2","Exam 1"
"111278","611","146","128","337"
"111352","867","227","228","412"
"111373","461","96","90","275"
"111305","835","220","217","398"
"111399","898","22...
20160923 16:23:15.118 - INFO - +--- END KW: OperatingSystem.Get File (16)
~~~~~~~~~~~~~~~~~~~~~~~~~~~~~~~~~~~~~~~~~~~~~~~~~~~~~~~~~~~~~~~~~~~~~~~~~~~~~~
20160923 16:23:15.118 - INFO - +--- START KW: keywords.ConverterKeywords.Convert To Json [ ${contents} ]
20160923 16:23:15.118 - INFO - ${json} = {"colHeaders":["Total","Assignment 1","Assignment 2","Exam 1"],"rowHeaders":["111278","111352","111373","111305","111399","111160","111276","111241"],"data":[[611,146,128,337],[867,227,228,412],[461,9...
20160923 16:23:15.118 - INFO - +--- END KW: keywords.ConverterKeywords.Convert To Json (0)
~~~~~~~~~~~~~~~~~~~~~~~~~~~~~~~~~~~~~~~~~~~~~~~~~~~~~~~~~~~~~~~~~~~~~~~~~~~~~~
20160923 16:23:15.118 - INFO - +--- START KW: keywords.ConverterKeywords.Convert To Csv [ ${json} ]
20160923 16:23:15.118 - INFO - ${csv} = "ID","Total","Assignment 1","Assignment 2","Exam 1"
"111278","611","146","128","337"
"111352","867","227","228","412"
"111373","461","96","90","275"
"111305","835","220","217","398"
"111399","898","22...
20160923 16:23:15.118 - INFO - +--- END KW: keywords.ConverterKeywords.Convert To Csv (0)
~~~~~~~~~~~~~~~~~~~~~~~~~~~~~~~~~~~~~~~~~~~~~~~~~~~~~~~~~~~~~~~~~~~~~~~~~~~~~~
20160923 16:23:15.118 - INFO - +--- START KW: BuiltIn.Should Be Equal [ ${contents} | ${csv} ]
20160923 16:23:15.118 - INFO - +--- END KW: BuiltIn.Should Be Equal (0)
------------------------------------------------------------------------------
20160923 16:23:15.133 - INFO - +-- END TEST: CSV to JSON to CSV Yields Original (16)
------------------------------------------------------------------------------
20160923 16:23:15.133 - INFO - +-- START TEST: JSON to CSV to JSON Yields Original [ ]
------------------------------------------------------------------------------
20160923 16:23:15.133 - INFO - +--- START KW: OperatingSystem.Get File [ src/test/resources/grades.json ]
20160923 16:23:15.133 - INFO - ${contents} = {
    "colHeaders":["Total","Assignment 1","Assignment 2","Exam 1"],
    "rowHeaders":["111278","111352","111373","111305","111399","111160","111276","111241"],
    "data":[[611,146,128,337],
        ...
20160923 16:23:15.133 - INFO - +--- END KW: OperatingSystem.Get File (0)
~~~~~~~~~~~~~~~~~~~~~~~~~~~~~~~~~~~~~~~~~~~~~~~~~~~~~~~~~~~~~~~~~~~~~~~~~~~~~~
20160923 16:23:15.133 - INFO - +--- START KW: keywords.ConverterKeywords.Convert To Csv [ ${contents} ]
20160923 16:23:15.133 - INFO - ${csv} = "ID","Total","Assignment 1","Assignment 2","Exam 1"
"111278","611","146","128","337"
"111352","867","227","228","412"
"111373","461","96","90","275"
"111305","835","220","217","398"
"111399","898","22...
20160923 16:23:15.149 - INFO - +--- END KW: keywords.ConverterKeywords.Convert To Csv (0)
~~~~~~~~~~~~~~~~~~~~~~~~~~~~~~~~~~~~~~~~~~~~~~~~~~~~~~~~~~~~~~~~~~~~~~~~~~~~~~
20160923 16:23:15.149 - INFO - +--- START KW: keywords.ConverterKeywords.Convert To Json [ ${csv} ]
20160923 16:23:15.149 - INFO - ${json} = {"colHeaders":["Total","Assignment 1","Assignment 2","Exam 1"],"rowHeaders":["111278","111352","111373","111305","111399","111160","111276","111241"],"data":[[611,146,128,337],[867,227,228,412],[461,9...
20160923 16:23:15.149 - INFO - +--- END KW: keywords.ConverterKeywords.Convert To Json (0)
~~~~~~~~~~~~~~~~~~~~~~~~~~~~~~~~~~~~~~~~~~~~~~~~~~~~~~~~~~~~~~~~~~~~~~~~~~~~~~
20160923 16:23:15.149 - INFO - +--- START KW: keywords.ConverterKeywords.Json Strings Are Equal [ ${contents} | ${json} ]
20160923 16:23:15.149 - INFO - ${same} = True
20160923 16:23:15.149 - INFO - +--- END KW: keywords.ConverterKeywords.Json Strings Are Equal (0)
~~~~~~~~~~~~~~~~~~~~~~~~~~~~~~~~~~~~~~~~~~~~~~~~~~~~~~~~~~~~~~~~~~~~~~~~~~~~~~
20160923 16:23:15.149 - INFO - +--- START KW: BuiltIn.Should Be True [ ${same} ]
20160923 16:23:15.149 - INFO - +--- END KW: BuiltIn.Should Be True (0)
------------------------------------------------------------------------------
20160923 16:23:15.164 - INFO - +-- END TEST: JSON to CSV to JSON Yields Original (16)
------------------------------------------------------------------------------
20160923 16:23:15.164 - INFO - +- END SUITE: Acceptancetest.CSV-JSONConversion (125)
==============================================================================
20160923 16:23:15.164 - INFO - + END SUITE: Acceptancetest (265)
==============================================================================
